2024-05-31 12:47:21,758 - root - INFO - Starting main function
2024-05-31 12:47:21,758 - root - INFO - Config path: D:\Athu\Declarative Programming\Final Project\Sudoku_FP\config\config.yaml
2024-05-31 12:47:21,762 - root - INFO - Config loaded successfully
2024-05-31 12:47:21,762 - root - INFO - Performing additional steps...
2024-05-31 12:47:21,762 - root - INFO - Main application code executed
2024-05-31 12:47:29,488 - root - INFO - Starting main function
2024-05-31 12:47:29,488 - root - INFO - Config path: D:\Athu\Declarative Programming\Final Project\Sudoku_FP\config\config.yaml
2024-05-31 12:47:29,491 - root - INFO - Config loaded successfully
2024-05-31 12:47:29,491 - root - INFO - Performing additional steps...
2024-05-31 12:47:29,492 - root - INFO - Main application code executed
2024-05-31 12:47:40,995 - root - INFO - Starting main function
2024-05-31 12:47:40,995 - root - INFO - Config path: D:\Athu\Declarative Programming\Final Project\Sudoku_FP\config\config.yaml
2024-05-31 12:47:41,000 - root - INFO - Config loaded successfully
2024-05-31 12:47:41,000 - root - INFO - Performing additional steps...
2024-05-31 12:47:41,000 - root - INFO - Main application code executed
2024-05-31 12:47:50,526 - root - INFO - Starting main function
2024-05-31 12:47:50,526 - root - INFO - Config path: D:\Athu\Declarative Programming\Final Project\Sudoku_FP\config\config.yaml
2024-05-31 12:47:50,530 - root - INFO - Config loaded successfully
2024-05-31 12:47:50,530 - root - INFO - Performing additional steps...
2024-05-31 12:47:50,530 - root - INFO - Main application code executed
2024-05-31 12:48:17,196 - root - INFO - Starting main function
2024-05-31 12:48:17,196 - root - INFO - Config path: D:\Athu\Declarative Programming\Final Project\Sudoku_FP\config\config.yaml
2024-05-31 12:48:17,199 - root - INFO - Config loaded successfully
2024-05-31 12:48:17,199 - root - INFO - Performing additional steps...
2024-05-31 12:48:17,199 - root - INFO - Main application code executed
